<?xml version="1.0" encoding="UTF-8"?>
<testsuite name="MainKtTest" tests="3" skipped="0" failures="0" errors="0" timestamp="2022-07-19T19:12:16" hostname="SYSBLOCK" time="0.013">
  <properties/>
  <testcase name="calcCommissionVisa" classname="MainKtTest" time="0.012"/>
  <testcase name="calcCommissionMaestro" classname="MainKtTest" time="0.0"/>
  <testcase name="calcCommissionVK" classname="MainKtTest" time="0.0"/>
  <system-out><![CDATA[]]></system-out>
  <system-err><![CDATA[]]></system-err>
</testsuite>
